#
# There is insufficient memory for the Java Runtime Environment to continue.
# Native memory allocation (malloc) failed to allocate 32744 bytes for ChunkPool::allocate
# Possible reasons:
#   The system is out of physical RAM or swap space
#   In 32 bit mode, the process size limit was hit
# Possible solutions:
#   Reduce memory load on the system
#   Increase physical memory or swap space
#   Check if swap backing store is full
#   Use 64 bit Java on a 64 bit OS
#   Decrease Java heap size (-Xmx/-Xms)
#   Decrease number of Java threads
#   Decrease Java thread stack sizes (-Xss)
#   Set larger code cache with -XX:ReservedCodeCacheSize=
# This output file may be truncated or incomplete.
#
#  Out of Memory Error (allocation.cpp:273), pid=756, tid=0x0000000000005d04
#
# JRE version: Java(TM) SE Runtime Environment (8.0_171-b11) (build 1.8.0_171-b11)
# Java VM: Java HotSpot(TM) 64-Bit Server VM (25.171-b11 mixed mode windows-amd64 compressed oops)
# Failed to write core dump. Minidumps are not enabled by default on client versions of Windows
#

---------------  T H R E A D  ---------------

Current thread (0x0000000019063800):  JavaThread "C1 CompilerThread2" daemon [_thread_in_native, id=23812, stack(0x0000000019560000,0x0000000019660000)]

Stack: [0x0000000019560000,0x0000000019660000]
[error occurred during error reporting (printing stack bounds), id 0xc0000005]

Native frames: (J=compiled Java code, j=interpreted, Vv=VM code, C=native code)


Current CompileTask:
C1:  11855 4504       3      
[error occurred during error reporting (printing current compile task), id 0xe0000001]


---------------  P R O C E S S  ---------------

Java Threads: ( => current thread )
  0x000000001911b000 JavaThread "Thread-4" [_thread_in_native, id=24760, stack(0x000000001ed00000,0x000000001ee00000)]
  0x000000001a8cc800 JavaThread "Thread-3" [_thread_in_native, id=23760, stack(0x000000001ec00000,0x000000001ed00000)]
  0x000000001be03000 JavaThread "Thread-2" [_thread_blocked, id=21888, stack(0x000000001eb00000,0x000000001ec00000)]
  0x0000000019ae1800 JavaThread "ThreadedStreamConsumer" daemon [_thread_blocked, id=24584, stack(0x000000001ea00000,0x000000001eb00000)]
  0x0000000019c3a000 JavaThread "ping-timer-10s" daemon [_thread_blocked, id=15156, stack(0x000000001e900000,0x000000001ea00000)]
  0x000000001ac03800 JavaThread "timeout-check-timer" daemon [_thread_blocked, id=3404, stack(0x000000001e800000,0x000000001e900000)]
  0x0000000019cea000 JavaThread "resolver-5" daemon [_thread_blocked, id=10272, stack(0x000000001e700000,0x000000001e800000)]
  0x0000000019a6a800 JavaThread "resolver-4" daemon [_thread_blocked, id=9760, stack(0x000000001e600000,0x000000001e700000)]
  0x0000000019889000 JavaThread "resolver-3" daemon [_thread_blocked, id=19332, stack(0x000000001e500000,0x000000001e600000)]
  0x000000001c147000 JavaThread "resolver-2" daemon [_thread_blocked, id=27032, stack(0x000000001e400000,0x000000001e500000)]
  0x000000001bcc3000 JavaThread "resolver-1" daemon [_thread_blocked, id=5336, stack(0x000000001ddc0000,0x000000001dec0000)]
  0x0000000019068800 JavaThread "Service Thread" daemon [_thread_blocked, id=1668, stack(0x0000000019660000,0x0000000019760000)]
=>0x0000000019063800 JavaThread "C1 CompilerThread2" daemon [_thread_in_native, id=23812, stack(0x0000000019560000,0x0000000019660000)]
  0x000000001795e000 JavaThread "C2 CompilerThread1" daemon [_thread_in_native, id=7412, stack(0x0000000019460000,0x0000000019560000)]
  0x0000000017900800 JavaThread "C2 CompilerThread0" daemon [_thread_in_vm, id=3632, stack(0x0000000018f60000,0x0000000019060000)]
  0x00000000178fe800 JavaThread "Attach Listener" daemon [_thread_blocked, id=17480, stack(0x0000000018e60000,0x0000000018f60000)]
  0x00000000178fd000 JavaThread "Signal Dispatcher" daemon [_thread_blocked, id=22272, stack(0x0000000018d60000,0x0000000018e60000)]
  0x00000000178ea800 JavaThread "Finalizer" daemon [_thread_blocked, id=11360, stack(0x0000000018b60000,0x0000000018c60000)]
  0x00000000178c9000 JavaThread "Reference Handler" daemon [_thread_blocked, id=25344, stack(0x0000000018a60000,0x0000000018b60000)]
  0x0000000002cd2800 JavaThread "main" [_thread_in_native, id=4216, stack(0x0000000002bd0000,0x0000000002cd0000)]

Other Threads:
  0x00000000178c7800 VMThread [stack: 0x0000000018960000,0x0000000018a60000] [id=15628]
  0x000000001906a000 WatcherThread [stack: 0x0000000019760000,0x0000000019860000] [id=23440]

VM state:not at safepoint (normal execution)

VM Mutex/Monitor currently owned by a thread:  ([mutex/lock_event])
[0x0000000002cd0650] CompiledIC_lock - owner thread: 0x0000000017900800

Heap:
 PSYoungGen      total 146432K, used 114560K [0x00000000d5f00000, 0x00000000dfc00000, 0x0000000100000000)
  eden space 133120K, 86% used [0x00000000d5f00000,0x00000000dcee0328,0x00000000de100000)
  from space 13312K, 0% used [0x00000000def00000,0x00000000def00000,0x00000000dfc00000)
  to   space 13824K, 0% used [0x00000000de100000,0x00000000de100000,0x00000000dee80000)
 ParOldGen       total 72704K, used 18286K [0x0000000081c00000, 0x0000000086300000, 0x00000000d5f00000)
  object space 72704K, 25% used [0x0000000081c00000,0x0000000082ddb850,0x0000000086300000)
 Metaspace       used 24377K, capacity 24866K, committed 25088K, reserved 1071104K
  class space    used 2841K, capacity 2998K, committed 3072K, reserved 1048576K

Card table byte_map: [0x0000000012190000,0x0000000012590000] byte_map_base: 0x0000000011d82000

Marking Bits: (ParMarkBitMap*) 0x00000000558e08c0
 Begin Bits: [0x0000000012c40000, 0x0000000014bd0000)
 End Bits:   [0x0000000014bd0000, 0x0000000016b60000)

Polling page: 0x0000000002b50000

CodeCache: size=245760Kb used=13614Kb max_used=14507Kb free=232145Kb
 bounds [0x0000000002dd0000, 0x0000000003c50000, 0x0000000011dd0000]
 total_blobs=4309 nmethods=3891 adapters=330
 compilation: enabled

Compilation events (10 events):
Event: 11.852 Thread 0x0000000019063800 4501       1       org.apache.maven.surefire.shade.org.apache.maven.shared.utils.cli.AbstractStreamHandler::isDisabled (5 bytes)
Event: 11.852 Thread 0x000000001795e000 4503       4       java.nio.ByteBuffer::hasArray (20 bytes)
Event: 11.852 Thread 0x0000000019063800 nmethod 4501 0x00000000034d1490 code [0x00000000034d15e0, 0x00000000034d16f0]
Event: 11.852 Thread 0x0000000017900800 4505       4       java.nio.CharBuffer::hasArray (20 bytes)
Event: 11.852 Thread 0x0000000019063800 4504       3       sun.nio.cs.SingleByte$Encoder::encodeArrayLoop (236 bytes)
Event: 11.852 Thread 0x000000001795e000 nmethod 4503 0x00000000030c6f90 code [0x00000000030c70c0, 0x00000000030c7158]
Event: 11.852 Thread 0x0000000017900800 nmethod 4505 0x00000000030ffb90 code [0x00000000030ffcc0, 0x00000000030ffd58]
Event: 11.852 Thread 0x0000000017900800 4506       4       java.nio.charset.CoderResult::isOverflow (14 bytes)
Event: 11.853 Thread 0x0000000017900800 nmethod 4506 0x00000000030ca590 code [0x00000000030ca6c0, 0x00000000030ca738]
Event: 11.853 Thread 0x000000001795e000 4510       4       java.nio.charset.CoderResult::isUnderflow (13 bytes)

GC Heap History (10 events):
Event: 2.132 GC heap before
{Heap before GC invocations=3 (full 0):
 PSYoungGen      total 38400K, used 38388K [0x00000000d5f00000, 0x00000000daa00000, 0x0000000100000000)
  eden space 33280K, 100% used [0x00000000d5f00000,0x00000000d7f80000,0x00000000d7f80000)
  from space 5120K, 99% used [0x00000000d8480000,0x00000000d897d208,0x00000000d8980000)
  to   space 5120K, 0% used [0x00000000d7f80000,0x00000000d7f80000,0x00000000d8480000)
 ParOldGen       total 87552K, used 2270K [0x0000000081c00000, 0x0000000087180000, 0x00000000d5f00000)
  object space 87552K, 2% used [0x0000000081c00000,0x0000000081e37968,0x0000000087180000)
 Metaspace       used 14857K, capacity 15042K, committed 15232K, reserved 1062912K
  class space    used 1816K, capacity 1907K, committed 1920K, reserved 1048576K
Event: 2.140 GC heap after
Heap after GC invocations=3 (full 0):
 PSYoungGen      total 38400K, used 5104K [0x00000000d5f00000, 0x00000000daa00000, 0x0000000100000000)
  eden space 33280K, 0% used [0x00000000d5f00000,0x00000000d5f00000,0x00000000d7f80000)
  from space 5120K, 99% used [0x00000000d7f80000,0x00000000d847c030,0x00000000d8480000)
  to   space 5120K, 0% used [0x00000000da500000,0x00000000da500000,0x00000000daa00000)
 ParOldGen       total 87552K, used 4631K [0x0000000081c00000, 0x0000000087180000, 0x00000000d5f00000)
  object space 87552K, 5% used [0x0000000081c00000,0x0000000082085ef0,0x0000000087180000)
 Metaspace       used 14857K, capacity 15042K, committed 15232K, reserved 1062912K
  class space    used 1816K, capacity 1907K, committed 1920K, reserved 1048576K
}
Event: 2.937 GC heap before
{Heap before GC invocations=4 (full 0):
 PSYoungGen      total 38400K, used 38384K [0x00000000d5f00000, 0x00000000daa00000, 0x0000000100000000)
  eden space 33280K, 100% used [0x00000000d5f00000,0x00000000d7f80000,0x00000000d7f80000)
  from space 5120K, 99% used [0x00000000d7f80000,0x00000000d847c030,0x00000000d8480000)
  to   space 5120K, 0% used [0x00000000da500000,0x00000000da500000,0x00000000daa00000)
 ParOldGen       total 87552K, used 4631K [0x0000000081c00000, 0x0000000087180000, 0x00000000d5f00000)
  object space 87552K, 5% used [0x0000000081c00000,0x0000000082085ef0,0x0000000087180000)
 Metaspace       used 15308K, capacity 15546K, committed 15872K, reserved 1062912K
  class space    used 1832K, capacity 1943K, committed 2048K, reserved 1048576K
Event: 2.944 GC heap after
Heap after GC invocations=4 (full 0):
 PSYoungGen      total 71680K, used 5088K [0x00000000d5f00000, 0x00000000daa00000, 0x0000000100000000)
  eden space 66560K, 0% used [0x00000000d5f00000,0x00000000d5f00000,0x00000000da000000)
  from space 5120K, 99% used [0x00000000da500000,0x00000000da9f8020,0x00000000daa00000)
  to   space 5120K, 0% used [0x00000000da000000,0x00000000da000000,0x00000000da500000)
 ParOldGen       total 87552K, used 7140K [0x0000000081c00000, 0x0000000087180000, 0x00000000d5f00000)
  object space 87552K, 8% used [0x0000000081c00000,0x00000000822f9118,0x0000000087180000)
 Metaspace       used 15308K, capacity 15546K, committed 15872K, reserved 1062912K
  class space    used 1832K, capacity 1943K, committed 2048K, reserved 1048576K
}
Event: 4.492 GC heap before
{Heap before GC invocations=5 (full 0):
 PSYoungGen      total 71680K, used 71648K [0x00000000d5f00000, 0x00000000daa00000, 0x0000000100000000)
  eden space 66560K, 100% used [0x00000000d5f00000,0x00000000da000000,0x00000000da000000)
  from space 5120K, 99% used [0x00000000da500000,0x00000000da9f8020,0x00000000daa00000)
  to   space 5120K, 0% used [0x00000000da000000,0x00000000da000000,0x00000000da500000)
 ParOldGen       total 87552K, used 7140K [0x0000000081c00000, 0x0000000087180000, 0x00000000d5f00000)
  object space 87552K, 8% used [0x0000000081c00000,0x00000000822f9118,0x0000000087180000)
 Metaspace       used 20440K, capacity 20894K, committed 21120K, reserved 1067008K
  class space    used 2481K, capacity 2641K, committed 2688K, reserved 1048576K
Event: 4.510 GC heap after
Heap after GC invocations=5 (full 0):
 PSYoungGen      total 71680K, used 5120K [0x00000000d5f00000, 0x00000000dfd00000, 0x0000000100000000)
  eden space 66560K, 0% used [0x00000000d5f00000,0x00000000d5f00000,0x00000000da000000)
  from space 5120K, 100% used [0x00000000da000000,0x00000000da500000,0x00000000da500000)
  to   space 14336K, 0% used [0x00000000def00000,0x00000000def00000,0x00000000dfd00000)
 ParOldGen       total 87552K, used 16708K [0x0000000081c00000, 0x0000000087180000, 0x00000000d5f00000)
  object space 87552K, 19% used [0x0000000081c00000,0x0000000082c51338,0x0000000087180000)
 Metaspace       used 20440K, capacity 20894K, committed 21120K, reserved 1067008K
  class space    used 2481K, capacity 2641K, committed 2688K, reserved 1048576K
}
Event: 4.639 GC heap before
{Heap before GC invocations=6 (full 0):
 PSYoungGen      total 71680K, used 14593K [0x00000000d5f00000, 0x00000000dfd00000, 0x0000000100000000)
  eden space 66560K, 14% used [0x00000000d5f00000,0x00000000d6840478,0x00000000da000000)
  from space 5120K, 100% used [0x00000000da000000,0x00000000da500000,0x00000000da500000)
  to   space 14336K, 0% used [0x00000000def00000,0x00000000def00000,0x00000000dfd00000)
 ParOldGen       total 87552K, used 16708K [0x0000000081c00000, 0x0000000087180000, 0x00000000d5f00000)
  object space 87552K, 19% used [0x0000000081c00000,0x0000000082c51338,0x0000000087180000)
 Metaspace       used 20799K, capacity 21182K, committed 21296K, reserved 1069056K
  class space    used 2521K, capacity 2673K, committed 2688K, reserved 1048576K
Event: 4.649 GC heap after
Heap after GC invocations=6 (full 0):
 PSYoungGen      total 146432K, used 9092K [0x00000000d5f00000, 0x00000000dfc00000, 0x0000000100000000)
  eden space 133120K, 0% used [0x00000000d5f00000,0x00000000d5f00000,0x00000000de100000)
  from space 13312K, 68% used [0x00000000def00000,0x00000000df7e1298,0x00000000dfc00000)
  to   space 13824K, 0% used [0x00000000de100000,0x00000000de100000,0x00000000dee80000)
 ParOldGen       total 87552K, used 16708K [0x0000000081c00000, 0x0000000087180000, 0x00000000d5f00000)
  object space 87552K, 19% used [0x0000000081c00000,0x0000000082c51338,0x0000000087180000)
 Metaspace       used 20799K, capacity 21182K, committed 21296K, reserved 1069056K
  class space    used 2521K, capacity 2673K, committed 2688K, reserved 1048576K
}
Event: 4.649 GC heap before
{Heap before GC invocations=7 (full 1):
 PSYoungGen      total 146432K, used 9092K [0x00000000d5f00000, 0x00000000dfc00000, 0x0000000100000000)
  eden space 133120K, 0% used [0x00000000d5f00000,0x00000000d5f00000,0x00000000de100000)
  from space 13312K, 68% used [0x00000000def00000,0x00000000df7e1298,0x00000000dfc00000)
  to   space 13824K, 0% used [0x00000000de100000,0x00000000de100000,0x00000000dee80000)
 ParOldGen       total 87552K, used 16708K [0x0000000081c00000, 0x0000000087180000, 0x00000000d5f00000)
  object space 87552K, 19% used [0x0000000081c00000,0x0000000082c51338,0x0000000087180000)
 Metaspace       used 20799K, capacity 21182K, committed 21296K, reserved 1069056K
  class space    used 2521K, capacity 2673K, committed 2688K, reserved 1048576K
Event: 4.725 GC heap after
Heap after GC invocations=7 (full 1):
 PSYoungGen      total 146432K, used 0K [0x00000000d5f00000, 0x00000000dfc00000, 0x0000000100000000)
  eden space 133120K, 0% used [0x00000000d5f00000,0x00000000d5f00000,0x00000000de100000)
  from space 13312K, 0% used [0x00000000def00000,0x00000000def00000,0x00000000dfc00000)
  to   space 13824K, 0% used [0x00000000de100000,0x00000000de100000,0x00000000dee80000)
 ParOldGen       total 72704K, used 18286K [0x0000000081c00000, 0x0000000086300000, 0x00000000d5f00000)
  object space 72704K, 25% used [0x0000000081c00000,0x0000000082ddb850,0x0000000086300000)
 Metaspace       used 20799K, capacity 21182K, committed 21296K, reserved 1069056K
  class space    used 2521K, capacity 2673K, committed 2688K, reserved 1048576K
}

Deoptimization events (10 events):
Event: 6.811 Thread 0x0000000002cd2800 Uncommon trap: reason=class_check action=maybe_recompile pc=0x0000000003529e40 method=java.util.Collections$UnmodifiableMap$UnmodifiableEntrySet$UnmodifiableEntry.getValue()Ljava/lang/Object; @ 4
Event: 6.811 Thread 0x0000000002cd2800 Uncommon trap: reason=class_check action=maybe_recompile pc=0x00000000034d42cc method=java.util.Collections$UnmodifiableMap$UnmodifiableEntrySet$1.hasNext()Z @ 4
Event: 6.811 Thread 0x0000000002cd2800 Uncommon trap: reason=class_check action=maybe_recompile pc=0x00000000034e77b0 method=java.util.Collections$UnmodifiableMap$UnmodifiableEntrySet$1.next()Ljava/util/Map$Entry; @ 8
Event: 6.811 Thread 0x0000000002cd2800 Uncommon trap: reason=class_check action=maybe_recompile pc=0x00000000034e86c0 method=java.util.Collections$UnmodifiableMap$UnmodifiableEntrySet$UnmodifiableEntry.getKey()Ljava/lang/Object; @ 4
Event: 6.811 Thread 0x0000000002cd2800 Uncommon trap: reason=class_check action=maybe_recompile pc=0x0000000003529e40 method=java.util.Collections$UnmodifiableMap$UnmodifiableEntrySet$UnmodifiableEntry.getValue()Ljava/lang/Object; @ 4
Event: 6.811 Thread 0x0000000002cd2800 Uncommon trap: reason=class_check action=maybe_recompile pc=0x00000000034d42cc method=java.util.Collections$UnmodifiableMap$UnmodifiableEntrySet$1.hasNext()Z @ 4
Event: 6.811 Thread 0x0000000002cd2800 Uncommon trap: reason=class_check action=maybe_recompile pc=0x00000000034e77b0 method=java.util.Collections$UnmodifiableMap$UnmodifiableEntrySet$1.next()Ljava/util/Map$Entry; @ 8
Event: 6.811 Thread 0x0000000002cd2800 Uncommon trap: reason=class_check action=maybe_recompile pc=0x00000000034e86c0 method=java.util.Collections$UnmodifiableMap$UnmodifiableEntrySet$UnmodifiableEntry.getKey()Ljava/lang/Object; @ 4
Event: 6.811 Thread 0x0000000002cd2800 Uncommon trap: reason=class_check action=maybe_recompile pc=0x0000000003529e40 method=java.util.Collections$UnmodifiableMap$UnmodifiableEntrySet$UnmodifiableEntry.getValue()Ljava/lang/Object; @ 4
Event: 7.380 Thread 0x000000001a8cc800 Uncommon trap: reason=unstable_if action=reinterpret pc=0x000000000389dafc method=java.io.BufferedReader.readLine(Z)Ljava/lang/String; @ 265

Classes redefined (0 events):
No events

Internal exceptions (10 events):
Event: 3.940 Thread 0x0000000002cd2800 Implicit null exception at 0x00000000035e8d67 to 0x00000000035e9f69
Event: 3.983 Thread 0x0000000002cd2800 Exception <a 'java/lang/ClassNotFoundException': com/sun/tools/javac/api/JavacTool> (0x00000000d88b78a8) thrown at [C:\re\workspace\8-2-build-windows-amd64-cygwin\jdk8u171\10807\hotspot\src\share\vm\classfile\systemDictionary.cpp, line 210]
Event: 4.479 Thread 0x0000000002cd2800 Exception <a 'java/io/FileNotFoundException'> (0x00000000d9db7ec8) thrown at [C:\re\workspace\8-2-build-windows-amd64-cygwin\jdk8u171\10807\hotspot\src\share\vm\prims\jni.cpp, line 709]
Event: 4.486 Thread 0x0000000002cd2800 Exception <a 'java/io/FileNotFoundException'> (0x00000000d9dec9f8) thrown at [C:\re\workspace\8-2-build-windows-amd64-cygwin\jdk8u171\10807\hotspot\src\share\vm\prims\jni.cpp, line 709]
Event: 4.909 Thread 0x0000000002cd2800 Exception <a 'java/io/FileNotFoundException'> (0x00000000d675b6f0) thrown at [C:\re\workspace\8-2-build-windows-amd64-cygwin\jdk8u171\10807\hotspot\src\share\vm\prims\jni.cpp, line 709]
Event: 4.910 Thread 0x0000000002cd2800 Exception <a 'java/io/FileNotFoundException'> (0x00000000d675d1f0) thrown at [C:\re\workspace\8-2-build-windows-amd64-cygwin\jdk8u171\10807\hotspot\src\share\vm\prims\jni.cpp, line 709]
Event: 5.802 Thread 0x0000000002cd2800 Exception <a 'java/lang/NoSuchMethodError': org.apache.maven.execution.MavenExecutionRequest.getFailureBehavior()Ljava/lang/String;> (0x00000000d89f0278) thrown at [C:\re\workspace\8-2-build-windows-amd64-cygwin\jdk8u171\10807\hotspot\src\share\vm\interpr
Event: 5.829 Thread 0x0000000002cd2800 Implicit null exception at 0x00000000035062e0 to 0x0000000003506351
Event: 5.829 Thread 0x0000000002cd2800 Implicit null exception at 0x00000000034e83b0 to 0x00000000034e8401
Event: 6.499 Thread 0x0000000002cd2800 Implicit null exception at 0x000000000311a6f7 to 0x000000000311a941

Events (10 events):
Event: 7.403 loading class org/apache/maven/surefire/shade/org/apache/maven/shared/utils/logging/PlainMessageBuilder done
Event: 7.403 loading class org/apache/maven/surefire/shade/org/apache/maven/shared/utils/logging/PlainMessageBuilder
Event: 7.403 loading class org/apache/maven/surefire/shade/org/apache/maven/shared/utils/logging/PlainMessageBuilder done
Event: 7.564 Thread 0x0000000019063800 flushing nmethod 0x0000000002edca50
Event: 11.851 Thread 0x0000000019063800 flushing nmethod 0x00000000031b0f10
Event: 11.852 Thread 0x000000001795e000 flushing nmethod 0x000000000340d790
Event: 11.853 Thread 0x0000000017900800 flushing nmethod 0x0000000003443210
Event: 11.853 Thread 0x0000000017900800 flushing nmethod 0x0000000003452910
Event: 11.853 Thread 0x0000000017900800 flushing nmethod 0x0000000003494250
Event: 11.853 Thread 0x0000000017900800 flushing nmethod 0x00000000034abe50


Dynamic libraries:
0x00007ff6a3cc0000 - 0x00007ff6a3cf7000 	C:\Program Files\Java\jdk1.8.0_171\bin\javaw.exe
0x00007ffa88fe0000 - 0x00007ffa891d0000 	C:\WINDOWS\SYSTEM32\ntdll.dll
0x00007ffa456e0000 - 0x00007ffa456f4000 	C:\Program Files\AVAST Software\Avast\aswhook.dll
0x00007ffa87090000 - 0x00007ffa87142000 	C:\WINDOWS\System32\KERNEL32.DLL
0x00007ffa86120000 - 0x00007ffa863c3000 	C:\WINDOWS\System32\KERNELBASE.dll
0x00007ffa87150000 - 0x00007ffa871f3000 	C:\WINDOWS\System32\ADVAPI32.dll
0x00007ffa88dc0000 - 0x00007ffa88e5e000 	C:\WINDOWS\System32\msvcrt.dll
0x00007ffa885e0000 - 0x00007ffa88677000 	C:\WINDOWS\System32\sechost.dll
0x00007ffa87a70000 - 0x00007ffa87b90000 	C:\WINDOWS\System32\RPCRT4.dll
0x00007ffa883c0000 - 0x00007ffa88554000 	C:\WINDOWS\System32\USER32.dll
0x00007ffa86cd0000 - 0x00007ffa86cf1000 	C:\WINDOWS\System32\win32u.dll
0x00007ffa88230000 - 0x00007ffa88256000 	C:\WINDOWS\System32\GDI32.dll
0x00007ffa86dd0000 - 0x00007ffa86f64000 	C:\WINDOWS\System32\gdi32full.dll
0x00007ffa86d30000 - 0x00007ffa86dce000 	C:\WINDOWS\System32\msvcp_win.dll
0x00007ffa86f90000 - 0x00007ffa8708a000 	C:\WINDOWS\System32\ucrtbase.dll
0x00007ffa6db80000 - 0x00007ffa6de05000 	C:\WINDOWS\WinSxS\amd64_microsoft.windows.common-controls_6595b64144ccf1df_6.0.18362.418_none_e6c6b287130d565d\COMCTL32.dll
0x00007ffa87ef0000 - 0x00007ffa88226000 	C:\WINDOWS\System32\combase.dll
0x00007ffa86c00000 - 0x00007ffa86c80000 	C:\WINDOWS\System32\bcryptPrimitives.dll
0x00007ffa87eb0000 - 0x00007ffa87ede000 	C:\WINDOWS\System32\IMM32.DLL
0x0000000055960000 - 0x0000000055a32000 	C:\Program Files\Java\jdk1.8.0_171\jre\bin\msvcr100.dll
0x00000000550c0000 - 0x0000000055960000 	C:\Program Files\Java\jdk1.8.0_171\jre\bin\server\jvm.dll
0x00007ffa87ea0000 - 0x00007ffa87ea8000 	C:\WINDOWS\System32\PSAPI.DLL
0x00007ffa72010000 - 0x00007ffa72019000 	C:\WINDOWS\SYSTEM32\WSOCK32.dll
0x00007ffa88cf0000 - 0x00007ffa88d5f000 	C:\WINDOWS\System32\WS2_32.dll
0x00007ffa82780000 - 0x00007ffa827a4000 	C:\WINDOWS\SYSTEM32\WINMM.dll
0x00007ffa7d3f0000 - 0x00007ffa7d3fa000 	C:\WINDOWS\SYSTEM32\VERSION.dll
0x00007ffa82640000 - 0x00007ffa8266d000 	C:\WINDOWS\SYSTEM32\WINMMBASE.dll
0x00007ffa86c80000 - 0x00007ffa86cca000 	C:\WINDOWS\System32\cfgmgr32.dll
0x00000000550b0000 - 0x00000000550bf000 	C:\Program Files\Java\jdk1.8.0_171\jre\bin\verify.dll
0x0000000055080000 - 0x00000000550a9000 	C:\Program Files\Java\jdk1.8.0_171\jre\bin\java.dll
0x0000000055060000 - 0x0000000055076000 	C:\Program Files\Java\jdk1.8.0_171\jre\bin\zip.dll
0x00007ffa872d0000 - 0x00007ffa879b5000 	C:\WINDOWS\System32\SHELL32.dll
0x00007ffa879c0000 - 0x00007ffa87a69000 	C:\WINDOWS\System32\shcore.dll
0x00007ffa863d0000 - 0x00007ffa86b4f000 	C:\WINDOWS\System32\windows.storage.dll
0x00007ffa85f10000 - 0x00007ffa85f2f000 	C:\WINDOWS\System32\profapi.dll
0x00007ffa85ec0000 - 0x00007ffa85f0a000 	C:\WINDOWS\System32\powrprof.dll
0x00007ffa85eb0000 - 0x00007ffa85ec0000 	C:\WINDOWS\System32\UMPDC.dll
0x00007ffa88680000 - 0x00007ffa886d2000 	C:\WINDOWS\System32\shlwapi.dll
0x00007ffa85f30000 - 0x00007ffa85f41000 	C:\WINDOWS\System32\kernel.appcore.dll
0x00007ffa86f70000 - 0x00007ffa86f87000 	C:\WINDOWS\System32\cryptsp.dll
0x0000000055040000 - 0x000000005505a000 	C:\Program Files\Java\jdk1.8.0_171\jre\bin\net.dll
0x00007ffa85720000 - 0x00007ffa85787000 	C:\WINDOWS\system32\mswsock.dll
0x0000000055020000 - 0x0000000055031000 	C:\Program Files\Java\jdk1.8.0_171\jre\bin\nio.dll
0x0000000055010000 - 0x000000005501d000 	C:\Program Files\Java\jdk1.8.0_171\jre\bin\management.dll
0x00007ffa630c0000 - 0x00007ffa630d6000 	C:\WINDOWS\system32\napinsp.dll
0x00007ffa630a0000 - 0x00007ffa630ba000 	C:\WINDOWS\system32\pnrpnsp.dll
0x00007ffa85470000 - 0x00007ffa8553a000 	C:\WINDOWS\SYSTEM32\DNSAPI.dll
0x00007ffa87e90000 - 0x00007ffa87e98000 	C:\WINDOWS\System32\NSI.dll
0x00007ffa85430000 - 0x00007ffa8546a000 	C:\WINDOWS\SYSTEM32\IPHLPAPI.DLL
0x00007ffa64a70000 - 0x00007ffa64a7e000 	C:\WINDOWS\System32\winrnr.dll
0x00007ffa7f0b0000 - 0x00007ffa7f0cc000 	C:\WINDOWS\system32\NLAapi.dll
0x00007ffa81ca0000 - 0x00007ffa81cb5000 	C:\WINDOWS\system32\wshbth.dll
0x00007ffa7e460000 - 0x00007ffa7e46a000 	C:\Windows\System32\rasadhlp.dll
0x00007ffa7af30000 - 0x00007ffa7afa7000 	C:\WINDOWS\System32\fwpuclnt.dll
0x00007ffa86d00000 - 0x00007ffa86d26000 	C:\WINDOWS\System32\bcrypt.dll
0x00007ffa85290000 - 0x00007ffa852c3000 	C:\WINDOWS\system32\rsaenh.dll
0x00007ffa85da0000 - 0x00007ffa85dc5000 	C:\WINDOWS\SYSTEM32\USERENV.dll
0x00007ffa858f0000 - 0x00007ffa858fc000 	C:\WINDOWS\SYSTEM32\CRYPTBASE.dll
0x00007ffa7b460000 - 0x00007ffa7b476000 	C:\WINDOWS\SYSTEM32\dhcpcsvc6.DLL
0x00007ffa7d790000 - 0x00007ffa7d7ac000 	C:\WINDOWS\SYSTEM32\dhcpcsvc.DLL

VM Arguments:
jvm_args: -Dmaven.home=EMBEDDED -Dclassworlds.conf=C:\Users\prave\eclipse-workspace\.metadata\.plugins\org.eclipse.m2e.launching\launches\m2conf7672116252186458311.tmp -Dmaven.multiModuleProjectDirectory=C:\Users\prave\eclipse-workspace\TouchTunes.saavn -Dfile.encoding=Cp1252 
java_command: org.codehaus.plexus.classworlds.launcher.Launcher -B install
java_class_path (initial): C:\Program Files\eclipse\plugins\org.eclipse.m2e.maven.runtime_1.8.3.20180227-2135\jars\plexus-classworlds-2.5.2.jar
Launcher Type: SUN_STANDARD

Environment Variables:
JAVA_HOME=C:\Program Files\Java\jdk1.8.0_171
PATH=C:/Program Files/Java/jre1.8.0_191/bin/server;C:/Program Files/Java/jre1.8.0_191/bin;C:/Program Files/Java/jre1.8.0_191/lib/amd64;C:\Program Files (x86)\Common Files\Oracle\Java\javapath;C:\Program Files (x86)\Intel\iCLS Client\;C:\Program Files\Intel\iCLS Client\;C:\Windows\system32;C:\Windows;C:\Windows\System32\Wbem;C:\Windows\System32\WindowsPowerShell\v1.0\;C:\Program Files (x86)\Intel\Intel(R) Management Engine Components\DAL;C:\Program Files\Intel\Intel(R) Management Engine Components\DAL;C:\Program Files (x86)\Intel\Intel(R) Management Engine Components\IPT;C:\Program Files\Intel\Intel(R) Management Engine Components\IPT;C:\Program Files (x86)\NVIDIA Corporation\PhysX\Common;C:\WINDOWS\system32;C:\WINDOWS;C:\WINDOWS\System32\Wbem;C:\WINDOWS\System32\WindowsPowerShell\v1.0\;C:\Program Files\nodejs\;C:\Program Files\Java\jdk1.8.0_171\bin;D:\Taurus\bin;C:\Program Files\nodejs\node_modules\npm\bin;C:\Program Files\apache-maven-3.5.3\bin;C:\WINDOWS\System32\OpenSSH\;D:\putty\;C:\Program Files\Git\cmd;C:\Program Files\Microsoft VS Code\bin;C:\Users\prave\AppData\Local\Android\Sdk\tools\bin;C:\Users\prave\AppData\Local\Android\Sdk\tools;C:\Users\prave\AppData\Local\Android\Sdk\platform-tools;C:\Users\prave\AppData\Local\Android\Sdk\build-tools\27.0.3;C:\Users\prave\AppData\Local\Programs\Python\Python37\Scripts\;C:\Users\prave\AppData\Local\Programs\Python\Python37\;C:\Users\prave\AppData\Local\Microsoft\WindowsApps;C:\Users\prave\AppData\Roaming\npm;C:\Program Files\Microsoft VS Code\bin;;C:\Program Files\Docker Toolbox;C:\Program Files\eclipse;
USERNAME=prave
OS=Windows_NT
PROCESSOR_IDENTIFIER=Intel64 Family 6 Model 158 Stepping 9, GenuineIntel



---------------  S Y S T E M  ---------------

OS: Windows 10.0 , 64 bit Build 18362 (10.0.18362.329)

CPU:total 4 (initial active 4) (4 cores per cpu, 1 threads per core) family 6 model 158 stepping 9, cmov, cx8, fxsr, mmx, sse, sse2, sse3, ssse3, sse4.1, sse4.2, popcnt, avx, avx2, aes, clmul, erms, 3dnowpref, lzcnt, tsc, tscinvbit, bmi1, bmi2, adx

Memory: 4k page, physical 8269412k(35836k free), swap 24638048k(0k free)

vm_info: Java HotSpot(TM) 64-Bit Server VM (25.171-b11) for windows-amd64 JRE (1.8.0_171-b11), built on Mar 28 2018 16:06:12 by "java_re" with MS VC++ 10.0 (VS2010)

time: Mon Oct 21 16:41:39 2019
elapsed time: 11 seconds (0d 0h 0m 11s)

